<?xml version="1.0" encoding="UTF-8"?>
<testsuite name="model.items.LifePotionTest" tests="3" skipped="0" failures="0" errors="0" timestamp="2020-11-27T20:11:44" hostname="DESKTOP-V7VA160" time="0.003">
  <properties/>
  <testcase name="testUseOn()" classname="model.items.LifePotionTest" time="0.001"/>
  <testcase name="testEquals()" classname="model.items.LifePotionTest" time="0.0"/>
  <testcase name="testConstructor()" classname="model.items.LifePotionTest" time="0.0"/>
  <system-out><![CDATA[]]></system-out>
  <system-err><![CDATA[]]></system-err>
</testsuite>
