<?xml version="1.0" encoding="UTF-8"?>
<testsuite name="model.fileloaders.TreasuresLoaderTest" tests="1" skipped="0" failures="0" errors="0" timestamp="2020-11-27T20:11:44" hostname="DESKTOP-V7VA160" time="0.002">
  <properties/>
  <testcase name="loadTest()" classname="model.fileloaders.TreasuresLoaderTest" time="0.002"/>
  <system-out><![CDATA[]]></system-out>
  <system-err><![CDATA[]]></system-err>
</testsuite>
