<?xml version="1.0" encoding="UTF-8"?>
<testsuite name="model.dungeon.rooms.treasures.TreasureTest" tests="2" skipped="0" failures="0" errors="0" timestamp="2020-11-27T20:11:44" hostname="DESKTOP-V7VA160" time="0.019">
  <properties/>
  <testcase name="testAddItem()" classname="model.dungeon.rooms.treasures.TreasureTest" time="0.017"/>
  <testcase name="testTransferLoot()" classname="model.dungeon.rooms.treasures.TreasureTest" time="0.001"/>
  <system-out><![CDATA[]]></system-out>
  <system-err><![CDATA[]]></system-err>
</testsuite>
